<?xml version="1.0" encoding="UTF-8"?>
<!-- Generated by org.testng.reporters.JUnitReportReporter -->
<testsuite hostname="DESKTOP-PRRP3FV" failures="0" tests="1" name="testCases.TC_005_WishlistProductVerify" time="6.404" errors="0" timestamp="2024-11-12T19:31:14 IST" skipped="0">
  <testcase classname="testCases.TC_005_WishlistProductVerify" name="TestWishlistProductVerify" time="6.404"/>
</testsuite> <!-- testCases.TC_005_WishlistProductVerify -->
