<?xml version="1.0" encoding="UTF-8"?>
<!-- Generated by org.testng.reporters.JUnitReportReporter -->
<testsuite hostname="DESKTOP-PRRP3FV" failures="0" tests="1" name="testCases.TC_004_AddCart" time="5.533" errors="0" timestamp="2024-11-10T12:31:51 IST" skipped="0">
  <testcase classname="testCases.TC_004_AddCart" name="TestAddToCart" time="5.533"/>
</testsuite> <!-- testCases.TC_004_AddCart -->
