<?xml version="1.0" encoding="UTF-8"?>
<!-- Generated by org.testng.reporters.JUnitReportReporter -->
<testsuite hostname="DESKTOP-PRRP3FV" failures="0" tests="1" name="testCases.TC_001_AccountRegistrationTest" time="7.044" errors="0" timestamp="2024-11-10T12:27:32 IST" skipped="0">
  <testcase classname="testCases.TC_001_AccountRegistrationTest" name="verify_account_registration" time="7.044"/>
</testsuite> <!-- testCases.TC_001_AccountRegistrationTest -->
