<?xml version="1.0" encoding="UTF-8"?>
<!-- Generated by org.testng.reporters.JUnitReportReporter -->
<testsuite hostname="DESKTOP-PRRP3FV" failures="0" tests="1" name="testCases.TC_002_AccountLogin" time="6.955" errors="0" timestamp="2024-10-30T09:57:27 IST" skipped="0">
  <testcase classname="testCases.TC_002_AccountLogin" name="verify_account_login" time="6.955"/>
</testsuite> <!-- testCases.TC_002_AccountLogin -->
