<?xml version="1.0" encoding="UTF-8"?>
<!-- Generated by org.testng.reporters.JUnitReportReporter -->
<testsuite hostname="DESKTOP-PRRP3FV" failures="0" tests="1" name="testCases.TC_004_AddCart" time="3.492" errors="0" timestamp="2024-11-12T16:32:18 IST" skipped="0">
  <testcase classname="testCases.TC_004_AddCart" name="TestAddToCart" time="3.492"/>
</testsuite> <!-- testCases.TC_004_AddCart -->
