<?xml version="1.0" encoding="UTF-8"?>
<!-- Generated by org.testng.reporters.JUnitReportReporter -->
<testsuite hostname="DESKTOP-PRRP3FV" failures="0" tests="1" name="testCases.TC_002_AccountLogin" time="8.708" errors="0" timestamp="2024-11-10T12:27:32 IST" skipped="0">
  <testcase classname="testCases.TC_002_AccountLogin" name="verify_account_login" time="8.708"/>
</testsuite> <!-- testCases.TC_002_AccountLogin -->
